<?xml version="1.0" encoding="UTF-8"?>
<!-- Generated by org.testng.reporters.JUnitReportReporter -->
<testsuite hostname="Atrinik" failures="0" tests="2" name="mavenpractice.mavenJava.SeleniumTest" time="0.011" errors="0" timestamp="2022-07-27T06:32:04 EDT" skipped="0">
  <testcase classname="mavenpractice.mavenJava.SeleniumTest" name="elementsUI" time="0.002"/>
  <system-out/>
  <testcase classname="mavenpractice.mavenJava.SeleniumTest" name="BrowserAutomation" time="0.009"/>
  <system-out/>
</testsuite> <!-- mavenpractice.mavenJava.SeleniumTest -->
