<?xml version="1.0" encoding="UTF-8"?>
<!-- Generated by org.testng.reporters.JUnitReportReporter -->
<testsuite hostname="Atrinik" failures="0" tests="2" name="mavenpractice.mavenJava.RESTAPITest" time="0.001" errors="0" timestamp="2022-08-03T10:25:20 EDT" skipped="0">
  <testcase classname="mavenpractice.mavenJava.RESTAPITest" name="deleteTwitter" time="0.001"/>
  <system-out/>
  <testcase classname="mavenpractice.mavenJava.RESTAPITest" name="postJira" time="0.000"/>
  <system-out/>
</testsuite> <!-- mavenpractice.mavenJava.RESTAPITest -->
