<?xml version="1.0" encoding="UTF-8"?>
<!-- Generated by org.testng.reporters.JUnitReportReporter -->
<testsuite hostname="Atrinik" failures="0" tests="2" name="mavenpractice.mavenJava.AppiumTest" time="0.004" errors="0" timestamp="2022-08-03T10:25:20 EDT" skipped="0">
  <testcase classname="mavenpractice.mavenJava.AppiumTest" name="NativeAppAndroid" time="0.000"/>
  <system-out/>
  <testcase classname="mavenpractice.mavenJava.AppiumTest" name="IOSApps" time="0.004"/>
  <system-out/>
</testsuite> <!-- mavenpractice.mavenJava.AppiumTest -->
